<?xml version="1.0" encoding="utf-8" standalone="no"?>
<test-run id="2" testcasecount="16" result="Passed" total="16" passed="16" failed="0" inconclusive="0" skipped="0" asserts="0" engine-version="3.8.0.0" clr-version="4.0.30319.42000" start-time="2018-06-18 15:11:33Z" end-time="2018-06-18 15:11:40Z" duration="6.759499">
  <command-line><![CDATA["C:\Users\dupdo\source\repos\NFluent\.build\..\Packages\NUnit.ConsoleRunner.3.8.0\tools\nunit3-console.exe" C:\Users\dupdo\source\repos\NFluent\tests\NFluent.45.Tests.Extensions\bin\Release\NFluent.Tests.Extensions.dll --result=C:\Users\dupdo\source\repos\NFluent\.build\..\TestResults.xml /framework:net-4.5]]></command-line>
  <test-suite type="Assembly" id="0-1020" name="NFluent.Tests.Extensions.dll" fullname="C:\Users\dupdo\source\repos\NFluent\tests\NFluent.45.Tests.Extensions\bin\Release\NFluent.Tests.Extensions.dll" runstate="Runnable" testcasecount="16" result="Passed" start-time="2018-06-18 15:11:39Z" end-time="2018-06-18 15:11:39Z" duration="0.777670" total="16" passed="16" failed="0" warnings="0" inconclusive="0" skipped="0" asserts="0">
    <environment framework-version="3.10.1.0" clr-version="4.0.30319.42000" os-version="Microsoft Windows NT 10.0.17134.0" platform="Win32NT" cwd="C:\Users\dupdo\source\repos\NFluent\.build" machine-name="DESKTOP-CU9PQLI" user="dupdo" user-domain="DESKTOP-CU9PQLI" culture="fr-FR" uiculture="fr-FR" os-architecture="x64" />
    <settings>
      <setting name="RuntimeFramework" value="net-4.5" />
      <setting name="DisposeRunners" value="True" />
      <setting name="WorkDirectory" value="C:\Users\dupdo\source\repos\NFluent\.build" />
      <setting name="ImageRuntimeVersion" value="4.0.30319" />
      <setting name="ImageTargetFrameworkName" value=".NETFramework,Version=v4.5" />
      <setting name="ImageRequiresX86" value="False" />
      <setting name="ImageRequiresDefaultAppDomainAssemblyResolver" value="False" />
      <setting name="NumberOfTestWorkers" value="4" />
    </settings>
    <properties>
      <property name="_PID" value="4008" />
      <property name="_APPDOMAIN" value="domain-" />
    </properties>
    <test-suite type="TestSuite" id="0-1021" name="NFluent" fullname="NFluent" runstate="Runnable" testcasecount="16" result="Passed" start-time="2018-06-18 15:11:39Z" end-time="2018-06-18 15:11:39Z" duration="0.733994" total="16" passed="16" failed="0" warnings="0" inconclusive="0" skipped="0" asserts="0">
      <test-suite type="TestSuite" id="0-1022" name="Tests" fullname="NFluent.Tests" runstate="Runnable" testcasecount="16" result="Passed" start-time="2018-06-18 15:11:39Z" end-time="2018-06-18 15:11:39Z" duration="0.732767" total="16" passed="16" failed="0" warnings="0" inconclusive="0" skipped="0" asserts="0">
        <test-suite type="TestSuite" id="0-1023" name="Extensions" fullname="NFluent.Tests.Extensions" runstate="Runnable" testcasecount="8" result="Passed" start-time="2018-06-18 15:11:39Z" end-time="2018-06-18 15:11:39Z" duration="0.368354" total="8" passed="8" failed="0" warnings="0" inconclusive="0" skipped="0" asserts="0">
          <test-suite type="TestFixture" id="0-1010" name="ExtensionSpikeTests" fullname="NFluent.Tests.Extensions.ExtensionSpikeTests" classname="NFluent.Tests.Extensions.ExtensionSpikeTests" runstate="Runnable" testcasecount="6" result="Passed" start-time="2018-06-18 15:11:39Z" end-time="2018-06-18 15:11:39Z" duration="0.327298" total="6" passed="6" failed="0" warnings="0" inconclusive="0" skipped="0" asserts="0">
            <test-case id="0-1014" name="CanLoadExtensionsFromAnotherAssembly" fullname="NFluent.Tests.Extensions.ExtensionSpikeTests.CanLoadExtensionsFromAnotherAssembly" methodname="CanLoadExtensionsFromAnotherAssembly" classname="NFluent.Tests.Extensions.ExtensionSpikeTests" runstate="Runnable" seed="1774261380" result="Passed" start-time="2018-06-18 15:11:39Z" end-time="2018-06-18 15:11:39Z" duration="0.041724" asserts="0" />
            <test-case id="0-1011" name="CanUseVariousExtensions" fullname="NFluent.Tests.Extensions.ExtensionSpikeTests.CanUseVariousExtensions" methodname="CanUseVariousExtensions" classname="NFluent.Tests.Extensions.ExtensionSpikeTests" runstate="Runnable" seed="202241808" result="Passed" start-time="2018-06-18 15:11:39Z" end-time="2018-06-18 15:11:39Z" duration="0.108742" asserts="0" />
            <test-case id="0-1013" name="CheckWorksWithDecimal" fullname="NFluent.Tests.Extensions.ExtensionSpikeTests.CheckWorksWithDecimal" methodname="CheckWorksWithDecimal" classname="NFluent.Tests.Extensions.ExtensionSpikeTests" runstate="Runnable" seed="486541624" result="Passed" start-time="2018-06-18 15:11:39Z" end-time="2018-06-18 15:11:39Z" duration="0.053064" asserts="0" />
            <test-case id="0-1016" name="CustomizeErrorReporting" fullname="NFluent.Tests.Extensions.ExtensionSpikeTests.CustomizeErrorReporting" methodname="CustomizeErrorReporting" classname="NFluent.Tests.Extensions.ExtensionSpikeTests" runstate="Runnable" seed="174564725" result="Passed" start-time="2018-06-18 15:11:39Z" end-time="2018-06-18 15:11:39Z" duration="0.071748" asserts="0" />
            <test-case id="0-1015" name="GeneralExtensibility" fullname="NFluent.Tests.Extensions.ExtensionSpikeTests.GeneralExtensibility" methodname="GeneralExtensibility" classname="NFluent.Tests.Extensions.ExtensionSpikeTests" runstate="Runnable" seed="1280369412" result="Passed" start-time="2018-06-18 15:11:39Z" end-time="2018-06-18 15:11:39Z" duration="0.006854" asserts="0" />
            <test-case id="0-1012" name="WorksWhenSutIsADerivedTypeOfTheInterfaceReferencedAsTheTypeParameterOfTheFluentAssertion" fullname="NFluent.Tests.Extensions.ExtensionSpikeTests.WorksWhenSutIsADerivedTypeOfTheInterfaceReferencedAsTheTypeParameterOfTheFluentAssertion" methodname="WorksWhenSutIsADerivedTypeOfTheInterfaceReferencedAsTheTypeParameterOfTheFluentAssertion" classname="NFluent.Tests.Extensions.ExtensionSpikeTests" runstate="Runnable" seed="857278119" result="Passed" start-time="2018-06-18 15:11:39Z" end-time="2018-06-18 15:11:39Z" duration="0.002193" asserts="0" />
          </test-suite>
          <test-suite type="TestFixture" id="0-1017" name="LinkableExtensionsTests" fullname="NFluent.Tests.Extensions.LinkableExtensionsTests" classname="NFluent.Tests.Extensions.LinkableExtensionsTests" runstate="Runnable" testcasecount="2" result="Passed" start-time="2018-06-18 15:11:39Z" end-time="2018-06-18 15:11:39Z" duration="0.022770" total="2" passed="2" failed="0" warnings="0" inconclusive="0" skipped="0" asserts="0">
            <test-case id="0-1018" name="CanChainMyChecks" fullname="NFluent.Tests.Extensions.LinkableExtensionsTests.CanChainMyChecks" methodname="CanChainMyChecks" classname="NFluent.Tests.Extensions.LinkableExtensionsTests" runstate="Runnable" seed="1152513246" result="Passed" start-time="2018-06-18 15:11:39Z" end-time="2018-06-18 15:11:39Z" duration="0.001014" asserts="0" />
            <test-case id="0-1019" name="CanChainMyStructChecks" fullname="NFluent.Tests.Extensions.LinkableExtensionsTests.CanChainMyStructChecks" methodname="CanChainMyStructChecks" classname="NFluent.Tests.Extensions.LinkableExtensionsTests" runstate="Runnable" seed="432999357" result="Passed" start-time="2018-06-18 15:11:39Z" end-time="2018-06-18 15:11:39Z" duration="0.021239" asserts="0" />
          </test-suite>
        </test-suite>
        <test-suite type="TestFixture" id="0-1000" name="ReadmeRelatedTests" fullname="NFluent.Tests.ReadmeRelatedTests" classname="NFluent.Tests.ReadmeRelatedTests" runstate="Runnable" testcasecount="3" result="Passed" start-time="2018-06-18 15:11:39Z" end-time="2018-06-18 15:11:39Z" duration="0.299419" total="3" passed="3" failed="0" warnings="0" inconclusive="0" skipped="0" asserts="0">
          <test-case id="0-1001" name="CodeSnippetForReadmeMarkdownFile" fullname="NFluent.Tests.ReadmeRelatedTests.CodeSnippetForReadmeMarkdownFile" methodname="CodeSnippetForReadmeMarkdownFile" classname="NFluent.Tests.ReadmeRelatedTests" runstate="Runnable" seed="770680388" result="Passed" start-time="2018-06-18 15:11:39Z" end-time="2018-06-18 15:11:39Z" duration="0.138228" asserts="0" />
          <test-case id="0-1003" name="PlayingWithLambda" fullname="NFluent.Tests.ReadmeRelatedTests.PlayingWithLambda" methodname="PlayingWithLambda" classname="NFluent.Tests.ReadmeRelatedTests" runstate="Runnable" seed="1610827765" result="Passed" start-time="2018-06-18 15:11:39Z" end-time="2018-06-18 15:11:39Z" duration="0.145371" asserts="0" />
          <test-case id="0-1002" name="PlayingWithProperties" fullname="NFluent.Tests.ReadmeRelatedTests.PlayingWithProperties" methodname="PlayingWithProperties" classname="NFluent.Tests.ReadmeRelatedTests" runstate="Runnable" seed="217971343" result="Passed" start-time="2018-06-18 15:11:39Z" end-time="2018-06-18 15:11:39Z" duration="0.014433" asserts="0" />
        </test-suite>
        <test-suite type="TestFixture" id="0-1004" name="WikiExampleShould" fullname="NFluent.Tests.WikiExampleShould" classname="NFluent.Tests.WikiExampleShould" runstate="Runnable" testcasecount="5" result="Passed" start-time="2018-06-18 15:11:39Z" end-time="2018-06-18 15:11:39Z" duration="0.064859" total="5" passed="5" failed="0" warnings="0" inconclusive="0" skipped="0" asserts="0">
          <test-case id="0-1007" name="DoesNotFailWhenNegated" fullname="NFluent.Tests.WikiExampleShould.DoesNotFailWhenNegated" methodname="DoesNotFailWhenNegated" classname="NFluent.Tests.WikiExampleShould" runstate="Runnable" seed="453428404" result="Passed" start-time="2018-06-18 15:11:39Z" end-time="2018-06-18 15:11:39Z" duration="0.017574" asserts="0" />
          <test-case id="0-1009" name="FailOnNegatedCheck" fullname="NFluent.Tests.WikiExampleShould.FailOnNegatedCheck" methodname="FailOnNegatedCheck" classname="NFluent.Tests.WikiExampleShould" runstate="Runnable" seed="1832552416" result="Passed" start-time="2018-06-18 15:11:39Z" end-time="2018-06-18 15:11:39Z" duration="0.040431" asserts="0" />
          <test-case id="0-1005" name="FailOnNull" fullname="NFluent.Tests.WikiExampleShould.FailOnNull" methodname="FailOnNull" classname="NFluent.Tests.WikiExampleShould" runstate="Runnable" seed="1301182210" result="Passed" start-time="2018-06-18 15:11:39Z" end-time="2018-06-18 15:11:39Z" duration="0.003167" asserts="0" />
          <test-case id="0-1006" name="FailWhenNotExpectedValue" fullname="NFluent.Tests.WikiExampleShould.FailWhenNotExpectedValue" methodname="FailWhenNotExpectedValue" classname="NFluent.Tests.WikiExampleShould" runstate="Runnable" seed="499020651" result="Passed" start-time="2018-06-18 15:11:39Z" end-time="2018-06-18 15:11:39Z" duration="0.002118" asserts="0" />
          <test-case id="0-1008" name="NotFailOnExpectedValue" fullname="NFluent.Tests.WikiExampleShould.NotFailOnExpectedValue" methodname="NotFailOnExpectedValue" classname="NFluent.Tests.WikiExampleShould" runstate="Runnable" seed="418209909" result="Passed" start-time="2018-06-18 15:11:39Z" end-time="2018-06-18 15:11:39Z" duration="0.001012" asserts="0" />
        </test-suite>
      </test-suite>
    </test-suite>
  </test-suite>
</test-run>